Starting Single Run, Sweeps and Corners...

Current time: Tue Aug 27 00:45:37 2024 
Best design point: 1
Design specs: 
	miniproject1:closed_loop:1	corner	Nominal - 
	vin		Error	No
	vout		Error	No
	phase margin		Error	No
	rise time		Error	No
	A0		Error	No
	A0_db		Error	No
	BW		Error	No
	fu		Error	No
	GBW		Error	No
	A0cl		Error	No
	fucl		Error	No
Design parameters: 

Interactive.137
Number of points completed: 1
Number of simulation errors: 11
Interactive.137 completed. 
Current time: Tue Aug 27 00:45:39 2024 
